
> @foundry/marketing@0.1.0 build
> next build

   ▲ Next.js 15.5.19

   Creating an optimized production build ...
getaddrinfo ENOTFOUND fonts.googleapis.com

Retrying 1/3...
getaddrinfo ENOTFOUND fonts.googleapis.com

Retrying 2/3...
getaddrinfo ENOTFOUND fonts.googleapis.com

Retrying 3/3...
[Error: getaddrinfo ENOTFOUND fonts.googleapis.com] {
  errno: -3008,
  code: 'ENOTFOUND',
  syscall: 'getaddrinfo',
  hostname: 'fonts.googleapis.com'
}
Failed to compile.

src/app/layout.tsx
`next/font` error:
Failed to fetch `Inter` from Google Fonts.


> Build failed because of webpack errors
npm error Lifecycle script `build` failed with error:
npm error code 1
npm error path /Users/oscarhilts/Documents/scratch/Foundry/apps/marketing
npm error workspace @foundry/marketing@0.1.0
npm error location /Users/oscarhilts/Documents/scratch/Foundry/apps/marketing
npm error command failed
npm error command sh -c next build
